

Started GET "/" for 127.0.0.1 at 2014-08-05 17:28:27 -0400

ActiveRecord::PendingMigrationError (

Migrations are pending. To resolve this issue, run:

	bin/rake db:migrate RAILS_ENV=development

):
  activerecord (4.1.4) lib/active_record/migration.rb:389:in `check_pending!'
  activerecord (4.1.4) lib/active_record/migration.rb:377:in `call'
  actionpack (4.1.4) lib/action_dispatch/middleware/callbacks.rb:29:in `block in call'
  activesupport (4.1.4) lib/active_support/callbacks.rb:82:in `run_callbacks'
  actionpack (4.1.4) lib/action_dispatch/middleware/callbacks.rb:27:in `call'
  actionpack (4.1.4) lib/action_dispatch/middleware/reloader.rb:73:in `call'
  actionpack (4.1.4) lib/action_dispatch/middleware/remote_ip.rb:76:in `call'
  actionpack (4.1.4) lib/action_dispatch/middleware/debug_exceptions.rb:17:in `call'
  actionpack (4.1.4) lib/action_dispatch/middleware/show_exceptions.rb:30:in `call'
  railties (4.1.4) lib/rails/rack/logger.rb:38:in `call_app'
  railties (4.1.4) lib/rails/rack/logger.rb:20:in `block in call'
  activesupport (4.1.4) lib/active_support/tagged_logging.rb:68:in `block in tagged'
  activesupport (4.1.4) lib/active_support/tagged_logging.rb:26:in `tagged'
  activesupport (4.1.4) lib/active_support/tagged_logging.rb:68:in `tagged'
  railties (4.1.4) lib/rails/rack/logger.rb:20:in `call'
  actionpack (4.1.4) lib/action_dispatch/middleware/request_id.rb:21:in `call'
  rack (1.5.2) lib/rack/methodoverride.rb:21:in `call'
  rack (1.5.2) lib/rack/runtime.rb:17:in `call'
  activesupport (4.1.4) lib/active_support/cache/strategy/local_cache_middleware.rb:26:in `call'
  rack (1.5.2) lib/rack/lock.rb:17:in `call'
  actionpack (4.1.4) lib/action_dispatch/middleware/static.rb:64:in `call'
  rack (1.5.2) lib/rack/sendfile.rb:112:in `call'
  railties (4.1.4) lib/rails/engine.rb:514:in `call'
  railties (4.1.4) lib/rails/application.rb:144:in `call'
  rack (1.5.2) lib/rack/lock.rb:17:in `call'
  rack (1.5.2) lib/rack/content_length.rb:14:in `call'
  rack (1.5.2) lib/rack/handler/webrick.rb:60:in `service'
  /Users/christinebeaubrun/.rvm/rubies/ruby-2.1.1/lib/ruby/2.1.0/webrick/httpserver.rb:138:in `service'
  /Users/christinebeaubrun/.rvm/rubies/ruby-2.1.1/lib/ruby/2.1.0/webrick/httpserver.rb:94:in `run'
  /Users/christinebeaubrun/.rvm/rubies/ruby-2.1.1/lib/ruby/2.1.0/webrick/server.rb:295:in `block in start_thread'


  Rendered /Users/christinebeaubrun/.rvm/gems/ruby-2.1.1/gems/actionpack-4.1.4/lib/action_dispatch/middleware/templates/rescues/_source.erb (0.9ms)
  Rendered /Users/christinebeaubrun/.rvm/gems/ruby-2.1.1/gems/actionpack-4.1.4/lib/action_dispatch/middleware/templates/rescues/_trace.html.erb (2.2ms)
  Rendered /Users/christinebeaubrun/.rvm/gems/ruby-2.1.1/gems/actionpack-4.1.4/lib/action_dispatch/middleware/templates/rescues/_request_and_response.html.erb (1.4ms)
  Rendered /Users/christinebeaubrun/.rvm/gems/ruby-2.1.1/gems/actionpack-4.1.4/lib/action_dispatch/middleware/templates/rescues/diagnostics.erb within rescues/layout (31.3ms)
  [1m[36m (1.5ms)[0m  [1mCREATE TABLE "schema_migrations" ("version" varchar(255) NOT NULL) [0m
  [1m[35m (0.1ms)[0m  select sqlite_version(*)
  [1m[36m (1.6ms)[0m  [1mCREATE UNIQUE INDEX "unique_schema_migrations" ON "schema_migrations" ("version")[0m
  [1m[35mActiveRecord::SchemaMigration Load (0.1ms)[0m  SELECT "schema_migrations".* FROM "schema_migrations"
Migrating to CreateTimesheets (20140805202309)
  [1m[36mActiveRecord::SchemaMigration Load (0.1ms)[0m  [1mSELECT "schema_migrations".* FROM "schema_migrations"[0m
Migrating to CreateTimesheets (20140805202309)
  [1m[35m (0.1ms)[0m  begin transaction
  [1m[36m (0.9ms)[0m  [1mCREATE TABLE "timesheets" ("id" INTEGER PRIMARY KEY AUTOINCREMENT NOT NULL) [0m
  [1m[35mSQL (0.6ms)[0m  INSERT INTO "schema_migrations" ("version") VALUES (?)  [["version", "20140805202309"]]
  [1m[36m (1.7ms)[0m  [1mcommit transaction[0m
  [1m[35mActiveRecord::SchemaMigration Load (0.1ms)[0m  SELECT "schema_migrations".* FROM "schema_migrations"


Started GET "/" for 127.0.0.1 at 2014-08-05 17:30:04 -0400
  [1m[36mActiveRecord::SchemaMigration Load (0.1ms)[0m  [1mSELECT "schema_migrations".* FROM "schema_migrations"[0m
Processing by TimesheetsController#new as HTML
  Rendered timesheets/new.html.erb within layouts/application (1.6ms)
Completed 200 OK in 2575ms (Views: 2539.5ms | ActiveRecord: 0.0ms)


Started GET "/assets/application.css?body=1" for 127.0.0.1 at 2014-08-05 17:30:07 -0400


Started GET "/assets/jquery.js?body=1" for 127.0.0.1 at 2014-08-05 17:30:07 -0400


Started GET "/assets/timesheets.js?body=1" for 127.0.0.1 at 2014-08-05 17:30:07 -0400


Started GET "/assets/jquery_ujs.js?body=1" for 127.0.0.1 at 2014-08-05 17:30:07 -0400


Started GET "/assets/application.js?body=1" for 127.0.0.1 at 2014-08-05 17:30:07 -0400


Started GET "/assets/turbolinks.js?body=1" for 127.0.0.1 at 2014-08-05 17:30:07 -0400


Started GET "/assets/timesheets.css?body=1" for 127.0.0.1 at 2014-08-05 17:30:07 -0400


Started GET "/" for 127.0.0.1 at 2014-08-05 17:42:06 -0400
Processing by TimesheetsController#new as HTML
  Rendered timesheets/new.html.erb within layouts/application (4.2ms)
Completed 500 Internal Server Error in 7ms

ActionView::Template::Error (First argument in form cannot contain nil or be empty):
    1: <h1>Timesheets#new</h1>
    2: <h1>Let's Get You Paid</h1>
    3: <p>Find me in app/views/timesheets/new.html.erb</p>
    4: <% form_for @payroll, :url => { :action => "create" }, :html => { :method => :post } do |f| %>
    5:   <p>
    6:     <%= f.label "Name" %>
    7:   </p>
  app/views/timesheets/new.html.erb:4:in `_app_views_timesheets_new_html_erb__596038302105565652_70239337714260'


  Rendered /Users/christinebeaubrun/.rvm/gems/ruby-2.1.1/gems/actionpack-4.1.4/lib/action_dispatch/middleware/templates/rescues/_trace.html.erb (2.3ms)
  Rendered /Users/christinebeaubrun/.rvm/gems/ruby-2.1.1/gems/actionpack-4.1.4/lib/action_dispatch/middleware/templates/rescues/_request_and_response.html.erb (1.4ms)
  Rendered /Users/christinebeaubrun/.rvm/gems/ruby-2.1.1/gems/actionpack-4.1.4/lib/action_dispatch/middleware/templates/rescues/template_error.html.erb within rescues/layout (17.1ms)


Started GET "/" for 127.0.0.1 at 2014-08-05 17:42:37 -0400
Processing by TimesheetsController#new as HTML
  Rendered timesheets/new.html.erb within layouts/application (1.0ms)
Completed 500 Internal Server Error in 4ms

ActionView::Template::Error (First argument in form cannot contain nil or be empty):
    1: <h1>Timesheets#new</h1>
    2: <h1>Let's Get You Paid</h1>
    3: <p>Find me in app/views/timesheets/new.html.erb</p>
    4: <% form_for @payroll, :url => { :action => "create" }, :html => { :method => :post } do |f| %>
    5:   <p>
    6:     <%= f.label "Name" %>
    7:   </p>
  app/views/timesheets/new.html.erb:4:in `_app_views_timesheets_new_html_erb__596038302105565652_70239337714260'


  Rendered /Users/christinebeaubrun/.rvm/gems/ruby-2.1.1/gems/actionpack-4.1.4/lib/action_dispatch/middleware/templates/rescues/_trace.html.erb (2.3ms)
  Rendered /Users/christinebeaubrun/.rvm/gems/ruby-2.1.1/gems/actionpack-4.1.4/lib/action_dispatch/middleware/templates/rescues/_request_and_response.html.erb (1.4ms)
  Rendered /Users/christinebeaubrun/.rvm/gems/ruby-2.1.1/gems/actionpack-4.1.4/lib/action_dispatch/middleware/templates/rescues/template_error.html.erb within rescues/layout (16.8ms)


Started GET "/" for 127.0.0.1 at 2014-08-05 17:43:04 -0400
Processing by TimesheetsController#new as HTML
  Rendered timesheets/new.html.erb within layouts/application (1.1ms)
Completed 500 Internal Server Error in 4ms

ActionView::Template::Error (First argument in form cannot contain nil or be empty):
    1: <h1>Timesheets#new</h1>
    2: <h1>Let's Get You Paid</h1>
    3: <p>Find me in app/views/timesheets/new.html.erb</p>
    4: <% form_for @payroll, :url => { :action => "create" }, :html => { :method => :post } do |f| %>
    5:   <p>
    6:     <%= f.label "Name" %>
    7:   </p>
  app/views/timesheets/new.html.erb:4:in `_app_views_timesheets_new_html_erb__596038302105565652_70239337714260'


  Rendered /Users/christinebeaubrun/.rvm/gems/ruby-2.1.1/gems/actionpack-4.1.4/lib/action_dispatch/middleware/templates/rescues/_trace.html.erb (2.2ms)
  Rendered /Users/christinebeaubrun/.rvm/gems/ruby-2.1.1/gems/actionpack-4.1.4/lib/action_dispatch/middleware/templates/rescues/_request_and_response.html.erb (1.9ms)
  Rendered /Users/christinebeaubrun/.rvm/gems/ruby-2.1.1/gems/actionpack-4.1.4/lib/action_dispatch/middleware/templates/rescues/template_error.html.erb within rescues/layout (17.6ms)


Started GET "/" for 127.0.0.1 at 2014-08-05 17:43:47 -0400
Processing by TimesheetsController#new as HTML
  Rendered timesheets/new.html.erb within layouts/application (1.0ms)
Completed 500 Internal Server Error in 8ms

ActionView::Template::Error (First argument in form cannot contain nil or be empty):
    1: <h1>Timesheets#new</h1>
    2: <h1>Let's Get You Paid</h1>
    3: <p>Find me in app/views/timesheets/new.html.erb</p>
    4: <% form_for @payroll, :url => { :action => "create" }, :html => { :method => :post } do |f| %>
    5:   <p>
    6:     <%= f.label "Name" %>
    7:   </p>
  app/views/timesheets/new.html.erb:4:in `_app_views_timesheets_new_html_erb__596038302105565652_70239337714260'


  Rendered /Users/christinebeaubrun/.rvm/gems/ruby-2.1.1/gems/actionpack-4.1.4/lib/action_dispatch/middleware/templates/rescues/_trace.html.erb (1.8ms)
  Rendered /Users/christinebeaubrun/.rvm/gems/ruby-2.1.1/gems/actionpack-4.1.4/lib/action_dispatch/middleware/templates/rescues/_request_and_response.html.erb (1.3ms)
  Rendered /Users/christinebeaubrun/.rvm/gems/ruby-2.1.1/gems/actionpack-4.1.4/lib/action_dispatch/middleware/templates/rescues/template_error.html.erb within rescues/layout (15.9ms)


Started GET "/" for 127.0.0.1 at 2014-08-05 17:43:50 -0400
Processing by TimesheetsController#new as HTML
  Rendered timesheets/new.html.erb within layouts/application (1.0ms)
Completed 500 Internal Server Error in 4ms

ActionView::Template::Error (First argument in form cannot contain nil or be empty):
    1: <h1>Timesheets#new</h1>
    2: <h1>Let's Get You Paid</h1>
    3: <p>Find me in app/views/timesheets/new.html.erb</p>
    4: <% form_for @payroll, :url => { :action => "create" }, :html => { :method => :post } do |f| %>
    5:   <p>
    6:     <%= f.label "Name" %>
    7:   </p>
  app/views/timesheets/new.html.erb:4:in `_app_views_timesheets_new_html_erb__596038302105565652_70239337714260'


  Rendered /Users/christinebeaubrun/.rvm/gems/ruby-2.1.1/gems/actionpack-4.1.4/lib/action_dispatch/middleware/templates/rescues/_trace.html.erb (1.9ms)
  Rendered /Users/christinebeaubrun/.rvm/gems/ruby-2.1.1/gems/actionpack-4.1.4/lib/action_dispatch/middleware/templates/rescues/_request_and_response.html.erb (1.2ms)
  Rendered /Users/christinebeaubrun/.rvm/gems/ruby-2.1.1/gems/actionpack-4.1.4/lib/action_dispatch/middleware/templates/rescues/template_error.html.erb within rescues/layout (15.9ms)


Started GET "/" for 127.0.0.1 at 2014-08-05 17:44:16 -0400
Processing by TimesheetsController#new as HTML
  Rendered timesheets/new.html.erb within layouts/application (0.9ms)
Completed 500 Internal Server Error in 4ms

ActionView::Template::Error (First argument in form cannot contain nil or be empty):
    1: <h1>Timesheets#new</h1>
    2: <h1>Let's Get You Paid</h1>
    3: <p>Find me in app/views/timesheets/new.html.erb</p>
    4: <% form_for @payroll, :url => { :action => "create" }, :html => { :method => :post } do |f| %>
    5:   <p>
    6:     <%= f.label "Name" %>
    7:   </p>
  app/views/timesheets/new.html.erb:4:in `_app_views_timesheets_new_html_erb__596038302105565652_70239337714260'


  Rendered /Users/christinebeaubrun/.rvm/gems/ruby-2.1.1/gems/actionpack-4.1.4/lib/action_dispatch/middleware/templates/rescues/_trace.html.erb (1.9ms)
  Rendered /Users/christinebeaubrun/.rvm/gems/ruby-2.1.1/gems/actionpack-4.1.4/lib/action_dispatch/middleware/templates/rescues/_request_and_response.html.erb (1.5ms)
  Rendered /Users/christinebeaubrun/.rvm/gems/ruby-2.1.1/gems/actionpack-4.1.4/lib/action_dispatch/middleware/templates/rescues/template_error.html.erb within rescues/layout (16.0ms)


Started GET "/" for 127.0.0.1 at 2014-08-05 17:45:17 -0400
Processing by TimesheetsController#new as HTML
  Rendered timesheets/new.html.erb within layouts/application (1.7ms)
Completed 500 Internal Server Error in 4ms

ActionView::Template::Error (First argument in form cannot contain nil or be empty):
    1: <h1>Timesheets#new</h1>
    2: <h1>Let's Get You Paid</h1>
    3: <p>Find me in app/views/timesheets/new.html.erb</p>
    4: <%= form_for @payroll, :url => { :action => "create" }, :html => { :method => :post } do |f| %>
    5:   <p>
    6:     <%= f.label "Name" %>
    7:   </p>
  app/views/timesheets/new.html.erb:4:in `_app_views_timesheets_new_html_erb__596038302105565652_70239337570740'


  Rendered /Users/christinebeaubrun/.rvm/gems/ruby-2.1.1/gems/actionpack-4.1.4/lib/action_dispatch/middleware/templates/rescues/_trace.html.erb (2.0ms)
  Rendered /Users/christinebeaubrun/.rvm/gems/ruby-2.1.1/gems/actionpack-4.1.4/lib/action_dispatch/middleware/templates/rescues/_request_and_response.html.erb (1.5ms)
  Rendered /Users/christinebeaubrun/.rvm/gems/ruby-2.1.1/gems/actionpack-4.1.4/lib/action_dispatch/middleware/templates/rescues/template_error.html.erb within rescues/layout (16.4ms)


Started GET "/" for 127.0.0.1 at 2014-08-05 17:45:39 -0400
Processing by TimesheetsController#new as HTML
  Rendered timesheets/new.html.erb within layouts/application (3.3ms)
Completed 500 Internal Server Error in 6ms

ActionView::Template::Error (uninitialized constant ActionView::CompiledTemplates::Payroll):
    1: <h1>Timesheets#new</h1>
    2: <h1>Let's Get You Paid</h1>
    3: <p>Find me in app/views/timesheets/new.html.erb</p>
    4: <%= form_for Payroll.new, :url => { :action => "create" }, :html => { :method => :post } do |f| %>
    5:   <p>
    6:     <%= f.label "Name" %>
    7:   </p>
  app/views/timesheets/new.html.erb:4:in `_app_views_timesheets_new_html_erb__596038302105565652_70239323042840'


  Rendered /Users/christinebeaubrun/.rvm/gems/ruby-2.1.1/gems/actionpack-4.1.4/lib/action_dispatch/middleware/templates/rescues/_trace.html.erb (1.8ms)
  Rendered /Users/christinebeaubrun/.rvm/gems/ruby-2.1.1/gems/actionpack-4.1.4/lib/action_dispatch/middleware/templates/rescues/_request_and_response.html.erb (1.4ms)
  Rendered /Users/christinebeaubrun/.rvm/gems/ruby-2.1.1/gems/actionpack-4.1.4/lib/action_dispatch/middleware/templates/rescues/template_error.html.erb within rescues/layout (16.3ms)


Started GET "/" for 127.0.0.1 at 2014-08-05 17:46:55 -0400
Processing by TimesheetsController#new as HTML
  Rendered timesheets/new.html.erb within layouts/application (4.5ms)
Completed 500 Internal Server Error in 7ms

ActionView::Template::Error (The provided regular expression is using multiline anchors (^ or $), which may present a security risk. Did you mean to use \A and \z, or forgot to add the :multiline => true option?):
    1: <h1>Timesheets#new</h1>
    2: <h1>Let's Get You Paid</h1>
    3: <p>Find me in app/views/timesheets/new.html.erb</p>
    4: <%= form_for Timesheet.new, :url => { :action => "create" }, :html => { :method => :post } do |f| %>
    5:   <p>
    6:     <%= f.label "Name" %>
    7:   </p>
  app/models/timesheet.rb:11:in `<class:Timesheet>'
  app/models/timesheet.rb:1:in `<top (required)>'
  app/views/timesheets/new.html.erb:4:in `_app_views_timesheets_new_html_erb__596038302105565652_70239351572060'


  Rendered /Users/christinebeaubrun/.rvm/gems/ruby-2.1.1/gems/actionpack-4.1.4/lib/action_dispatch/middleware/templates/rescues/_trace.html.erb (1.9ms)
  Rendered /Users/christinebeaubrun/.rvm/gems/ruby-2.1.1/gems/actionpack-4.1.4/lib/action_dispatch/middleware/templates/rescues/_request_and_response.html.erb (1.4ms)
  Rendered /Users/christinebeaubrun/.rvm/gems/ruby-2.1.1/gems/actionpack-4.1.4/lib/action_dispatch/middleware/templates/rescues/template_error.html.erb within rescues/layout (15.9ms)


Started GET "/" for 127.0.0.1 at 2014-08-05 17:47:36 -0400
Processing by TimesheetsController#new as HTML
  Rendered timesheets/new.html.erb within layouts/application (2.8ms)
Completed 500 Internal Server Error in 6ms

ActionView::Template::Error (undefined method `has_many' for Timesheet:Class):
    1: <h1>Timesheets#new</h1>
    2: <h1>Let's Get You Paid</h1>
    3: <p>Find me in app/views/timesheets/new.html.erb</p>
    4: <%= form_for Timesheet.new, :url => { :action => "create" }, :html => { :method => :post } do |f| %>
    5:   <p>
    6:     <%= f.label "Name" %>
    7:   </p>
  app/models/timesheet.rb:13:in `<class:Timesheet>'
  app/models/timesheet.rb:1:in `<top (required)>'
  app/views/timesheets/new.html.erb:4:in `_app_views_timesheets_new_html_erb__596038302105565652_70239351572060'


  Rendered /Users/christinebeaubrun/.rvm/gems/ruby-2.1.1/gems/actionpack-4.1.4/lib/action_dispatch/middleware/templates/rescues/_trace.html.erb (1.7ms)
  Rendered /Users/christinebeaubrun/.rvm/gems/ruby-2.1.1/gems/actionpack-4.1.4/lib/action_dispatch/middleware/templates/rescues/_request_and_response.html.erb (1.3ms)
  Rendered /Users/christinebeaubrun/.rvm/gems/ruby-2.1.1/gems/actionpack-4.1.4/lib/action_dispatch/middleware/templates/rescues/template_error.html.erb within rescues/layout (15.6ms)


Started GET "/" for 127.0.0.1 at 2014-08-05 17:48:22 -0400
Processing by TimesheetsController#new as HTML
  Rendered timesheets/new.html.erb within layouts/application (75.4ms)
Completed 500 Internal Server Error in 79ms

ActionView::Template::Error (undefined method `sender_name' for #<Timesheet:0x007fc3bdcc61f8>):
     6:     <%= f.label "Name" %>
     7:   </p>
     8:   <p>
     9:     <%= f.text_field :sender_name %>
    10:   </p>
    11:   <p>
    12:     <%= f.label "Email" %>
  app/views/timesheets/new.html.erb:9:in `block in _app_views_timesheets_new_html_erb__596038302105565652_70239351572060'
  app/views/timesheets/new.html.erb:4:in `_app_views_timesheets_new_html_erb__596038302105565652_70239351572060'


  Rendered /Users/christinebeaubrun/.rvm/gems/ruby-2.1.1/gems/actionpack-4.1.4/lib/action_dispatch/middleware/templates/rescues/_trace.html.erb (2.6ms)
  Rendered /Users/christinebeaubrun/.rvm/gems/ruby-2.1.1/gems/actionpack-4.1.4/lib/action_dispatch/middleware/templates/rescues/_request_and_response.html.erb (1.4ms)
  Rendered /Users/christinebeaubrun/.rvm/gems/ruby-2.1.1/gems/actionpack-4.1.4/lib/action_dispatch/middleware/templates/rescues/template_error.html.erb within rescues/layout (17.1ms)


Started GET "/" for 127.0.0.1 at 2014-08-05 17:48:43 -0400
Processing by TimesheetsController#new as HTML
  Rendered timesheets/new.html.erb within layouts/application (2.5ms)
Completed 500 Internal Server Error in 5ms

ActionView::Template::Error (undefined method `sender_name' for #<Timesheet:0x007fc3bd8847c0>):
     6:     <%= f.label "Name" %>
     7:   </p>
     8:   <p>
     9:     <!-- <%= f.text_field :sender_name %> -->
    10:   </p>
    11:   <p>
    12:     <%= f.label "Email" %>
  app/views/timesheets/new.html.erb:9:in `block in _app_views_timesheets_new_html_erb__596038302105565652_70239337637780'
  app/views/timesheets/new.html.erb:4:in `_app_views_timesheets_new_html_erb__596038302105565652_70239337637780'


  Rendered /Users/christinebeaubrun/.rvm/gems/ruby-2.1.1/gems/actionpack-4.1.4/lib/action_dispatch/middleware/templates/rescues/_trace.html.erb (1.9ms)
  Rendered /Users/christinebeaubrun/.rvm/gems/ruby-2.1.1/gems/actionpack-4.1.4/lib/action_dispatch/middleware/templates/rescues/_request_and_response.html.erb (1.4ms)
  Rendered /Users/christinebeaubrun/.rvm/gems/ruby-2.1.1/gems/actionpack-4.1.4/lib/action_dispatch/middleware/templates/rescues/template_error.html.erb within rescues/layout (16.5ms)


Started GET "/" for 127.0.0.1 at 2014-08-05 17:48:50 -0400
Processing by TimesheetsController#new as HTML
  Rendered timesheets/new.html.erb within layouts/application (4.9ms)
Completed 500 Internal Server Error in 8ms

ActionView::Template::Error (undefined method `content' for #<Timesheet:0x007fc3bbc7c258>):
    22:     <%= f.label "Details" %>
    23:   </p>
    24:   <p>
    25:     <%= f.text_area :content %>
    26:   </p>
    27:   <p>
    28:     <%= f.submit "Submit" %>
  app/views/timesheets/new.html.erb:25:in `block in _app_views_timesheets_new_html_erb__596038302105565652_70239323056000'
  app/views/timesheets/new.html.erb:4:in `_app_views_timesheets_new_html_erb__596038302105565652_70239323056000'


  Rendered /Users/christinebeaubrun/.rvm/gems/ruby-2.1.1/gems/actionpack-4.1.4/lib/action_dispatch/middleware/templates/rescues/_trace.html.erb (2.1ms)
  Rendered /Users/christinebeaubrun/.rvm/gems/ruby-2.1.1/gems/actionpack-4.1.4/lib/action_dispatch/middleware/templates/rescues/_request_and_response.html.erb (1.4ms)
  Rendered /Users/christinebeaubrun/.rvm/gems/ruby-2.1.1/gems/actionpack-4.1.4/lib/action_dispatch/middleware/templates/rescues/template_error.html.erb within rescues/layout (16.2ms)


Started GET "/" for 127.0.0.1 at 2014-08-05 17:48:59 -0400
Processing by TimesheetsController#new as HTML
  Rendered timesheets/new.html.erb within layouts/application (4.1ms)
Completed 500 Internal Server Error in 7ms

ActionView::Template::Error (No route matches {:action=>"create", :controller=>"timesheets"}):
    1: <h1>Timesheets#new</h1>
    2: <h1>Let's Get You Paid</h1>
    3: <p>Find me in app/views/timesheets/new.html.erb</p>
    4: <%= form_for Timesheet.new, :url => { :action => "create" }, :html => { :method => :post } do |f| %>
    5:   <p>
    6:     <%= f.label "Name" %>
    7:   </p>
  app/views/timesheets/new.html.erb:4:in `_app_views_timesheets_new_html_erb__596038302105565652_70239351459500'


  Rendered /Users/christinebeaubrun/.rvm/gems/ruby-2.1.1/gems/actionpack-4.1.4/lib/action_dispatch/middleware/templates/rescues/_trace.html.erb (1.9ms)
  Rendered /Users/christinebeaubrun/.rvm/gems/ruby-2.1.1/gems/actionpack-4.1.4/lib/action_dispatch/middleware/templates/rescues/_request_and_response.html.erb (1.3ms)
  Rendered /Users/christinebeaubrun/.rvm/gems/ruby-2.1.1/gems/actionpack-4.1.4/lib/action_dispatch/middleware/templates/rescues/template_error.html.erb within rescues/layout (15.6ms)


Started GET "/" for 127.0.0.1 at 2014-08-05 17:49:52 -0400
  [1m[36mActiveRecord::SchemaMigration Load (0.2ms)[0m  [1mSELECT "schema_migrations".* FROM "schema_migrations"[0m
Processing by TimesheetsController#new as HTML
  Rendered timesheets/new.html.erb within layouts/application (22.7ms)
Completed 200 OK in 149ms (Views: 135.2ms | ActiveRecord: 0.0ms)


Started GET "/assets/application.css?body=1" for 127.0.0.1 at 2014-08-05 17:49:52 -0400


Started GET "/assets/jquery.js?body=1" for 127.0.0.1 at 2014-08-05 17:49:52 -0400


Started GET "/assets/timesheets.js?body=1" for 127.0.0.1 at 2014-08-05 17:49:52 -0400


Started GET "/assets/application.js?body=1" for 127.0.0.1 at 2014-08-05 17:49:52 -0400


Started GET "/assets/turbolinks.js?body=1" for 127.0.0.1 at 2014-08-05 17:49:52 -0400


Started GET "/assets/timesheets.css?body=1" for 127.0.0.1 at 2014-08-05 17:49:52 -0400


Started GET "/assets/jquery_ujs.js?body=1" for 127.0.0.1 at 2014-08-05 17:49:52 -0400
